{"level":"ERROR","time":"2023-12-13 15:40:20","caller":"service/personalInformationService.go:23","message":"Failed to select data","error":"record not found"}
{"level":"ERROR","time":"2023-12-13 15:41:03","caller":"service/personalInformationService.go:23","message":"Failed to select data","error":"record not found"}
{"level":"ERROR","time":"2023-12-13 15:41:35","caller":"service/personalInformationService.go:23","message":"The query data is empty","error":"record not found"}
{"level":"ERROR","time":"2023-12-13 16:13:41","caller":"service/personalInformationService.go:23","message":"The query data is empty","error":"record not found"}
{"level":"ERROR","time":"2023-12-13 16:14:18","caller":"service/personalInformationService.go:23","message":"The query data is empty","error":"record not found"}
{"level":"ERROR","time":"2023-12-13 16:16:25","caller":"controller/personalInformationController.go:26","message":"user_id to int64 error","error":"unable to cast \"1114rr\" of type string to int64"}
{"level":"ERROR","time":"2023-12-13 16:16:25","caller":"service/personalInformationService.go:23","message":"The query data is empty","error":"record not found"}
{"level":"ERROR","time":"2023-12-13 16:16:48","caller":"controller/personalInformationController.go:26","message":"user_id to int64 error","error":"unable to cast \"1114rr\" of type string to int64"}
{"level":"ERROR","time":"2023-12-13 16:16:48","caller":"service/personalInformationService.go:23","message":"The query data is empty","error":"record not found"}
{"level":"ERROR","time":"2023-12-13 16:17:04","caller":"controller/personalInformationController.go:26","message":"user_id to int64 error","error":"unable to cast \"1114rr\" of type string to int64"}
{"level":"ERROR","time":"2023-12-13 16:17:07","caller":"service/personalInformationService.go:23","message":"The query data is empty","error":"record not found"}
{"level":"ERROR","time":"2023-12-13 16:17:34","caller":"controller/personalInformationController.go:26","message":"user_id to int64 error","error":"unable to cast \"1114rr\" of type string to int64"}
{"level":"ERROR","time":"2023-12-13 16:17:34","caller":"service/personalInformationService.go:23","message":"The query data is empty","error":"record not found"}
{"level":"ERROR","time":"2023-12-13 16:17:44","caller":"controller/personalInformationController.go:26","message":"user_id to int64 error","error":"unable to cast \"1114rr\" of type string to int64"}
{"level":"ERROR","time":"2023-12-13 16:17:46","caller":"service/personalInformationService.go:23","message":"The query data is empty","error":"record not found"}
{"level":"ERROR","time":"2023-12-13 16:17:50","caller":"controller/personalInformationController.go:26","message":"user_id to int64 error","error":"unable to cast \"1114rr\" of type string to int64"}
{"level":"ERROR","time":"2023-12-13 16:18:03","caller":"service/personalInformationService.go:23","message":"The query data is empty","error":"record not found"}
{"level":"ERROR","time":"2023-12-13 16:18:40","caller":"controller/personalInformationController.go:26","message":"user_id to int64 error","error":"unable to cast \"1114rr\" of type string to int64"}
{"level":"ERROR","time":"2023-12-13 16:19:06","caller":"controller/personalInformationController.go:26","message":"user_id to int64 error","error":"unable to cast \"1114rr\" of type string to int64"}
{"level":"ERROR","time":"2023-12-13 16:20:29","caller":"controller/personalInformationController.go:26","message":"user_id to int64 error","error":"unable to cast \"1114rr\" of type string to int64"}
{"level":"ERROR","time":"2023-12-13 16:22:54","caller":"controller/personalInformationController.go:26","message":"user_id to int64 error","error":"unable to cast \"1114rr\" of type string to int64"}
{"level":"ERROR","time":"2023-12-13 16:33:37","caller":"controller/personalInformationController.go:26","message":"user_id to int64 error","error":"unable to cast \"1114rr\" of type string to int64"}
{"level":"ERROR","time":"2023-12-13 17:36:57","caller":"controller/personalInformationController.go:26","message":"user_id to int64 error","error":"unable to cast \"1114rr\" of type string to int64"}
{"level":"ERROR","time":"2023-12-13 17:46:10","caller":"controller/personalInformationController.go:26","message":"user_id to int64 error","error":"unable to cast \"1114rr\" of type string to int64"}
{"level":"ERROR","time":"2023-12-14 09:29:37","caller":"service/personalInformationService.go:23","message":"The query data is empty","error":"record not found"}
{"level":"ERROR","time":"2023-12-14 09:29:48","caller":"controller/personalInformationController.go:26","message":"user_id to int64 error","error":"unable to cast \"\" of type string to int64"}
{"level":"ERROR","time":"2023-12-14 09:30:33","caller":"controller/personalInformationController.go:26","message":"user_id to int64 error","error":"unable to cast \"\" of type string to int64"}
{"level":"ERROR","time":"2023-12-15 13:32:35","caller":"jwt/token.go:55","message":"Parse Token Error","error":"token contains an invalid number of segments"}
{"level":"ERROR","time":"2023-12-15 13:38:16","caller":"jwt/token.go:55","message":"Parse Token Error","error":"token contains an invalid number of segments"}
{"level":"ERROR","time":"2023-12-15 13:42:36","caller":"jwt/token.go:67","message":"Parse Token Error","error":"token contains an invalid number of segments"}
{"level":"ERROR","time":"2023-12-15 13:43:15","caller":"jwt/token.go:68","message":"Parse Token Error","error":"token contains an invalid number of segments"}
{"level":"ERROR","time":"2023-12-15 13:43:33","caller":"jwt/token.go:68","message":"Parse Token Error","error":"token contains an invalid number of segments"}
{"level":"ERROR","time":"2023-12-15 13:46:51","caller":"jwt/token.go:54","message":"Token is empty"}
{"level":"ERROR","time":"2023-12-15 13:46:51","caller":"jwt/token.go:74","message":"Parse Token Error","error":"token contains an invalid number of segments"}
{"level":"ERROR","time":"2023-12-15 13:47:38","caller":"jwt/token.go:54","message":"Token is empty"}
{"level":"ERROR","time":"2023-12-15 13:48:04","caller":"jwt/token.go:77","message":"Parse Token Error","error":"token contains an invalid number of segments"}
{"level":"ERROR","time":"2023-12-15 13:48:42","caller":"jwt/token.go:77","message":"Parse Token Error","error":"token contains an invalid number of segments"}
{"level":"ERROR","time":"2023-12-15 13:50:23","caller":"controller/personalInformationController.go:25","message":"user_id to int64 error","error":"unable to cast \"\" of type string to int64"}
{"level":"ERROR","time":"2023-12-15 13:52:38","caller":"controller/personalInformationController.go:25","message":"user_id to int64 error","error":"unable to cast \"\" of type string to int64"}
{"level":"ERROR","time":"2023-12-15 13:52:55","caller":"controller/personalInformationController.go:25","message":"user_id to int64 error","error":"unable to cast \"\" of type string to int64"}
{"level":"ERROR","time":"2023-12-15 14:08:14","caller":"service/adminService.go:23","message":"Database Select Failed","error":"record not found"}
{"level":"ERROR","time":"2023-12-15 14:09:06","caller":"service/adminService.go:23","message":"Database Select Failed","error":"record not found"}
{"level":"ERROR","time":"2023-12-15 14:09:47","caller":"controller/personalInformationController.go:25","message":"user_id to int64 error","error":"unable to cast \"\" of type string to int64"}
{"level":"ERROR","time":"2023-12-15 14:09:58","caller":"controller/personalInformationController.go:25","message":"user_id to int64 error","error":"unable to cast \"\" of type string to int64"}
{"level":"ERROR","time":"2023-12-15 14:34:02","caller":"controller/personalInformationController.go:25","message":"user_id to int64 error","error":"unable to cast \"\" of type string to int64"}
{"level":"ERROR","time":"2023-12-15 14:34:15","caller":"service/personalInformationService.go:23","message":"The query data is empty","error":"record not found"}
{"level":"ERROR","time":"2023-12-15 14:34:23","caller":"service/personalInformationService.go:23","message":"The query data is empty","error":"record not found"}
{"level":"ERROR","time":"2023-12-15 14:34:33","caller":"service/personalInformationService.go:23","message":"The query data is empty","error":"record not found"}
{"level":"ERROR","time":"2023-12-15 14:34:51","caller":"service/personalInformationService.go:23","message":"The query data is empty","error":"record not found"}
{"level":"ERROR","time":"2023-12-15 14:35:10","caller":"service/personalInformationService.go:23","message":"The query data is empty","error":"record not found"}
{"level":"ERROR","time":"2023-12-15 14:35:26","caller":"service/personalInformationService.go:23","message":"The query data is empty","error":"record not found"}
{"level":"ERROR","time":"2023-12-15 14:36:46","caller":"service/personalInformationService.go:23","message":"The query data is empty","error":"record not found"}
{"level":"ERROR","time":"2023-12-15 14:37:45","caller":"service/personalInformationService.go:23","message":"The query data is empty","error":"record not found"}
{"level":"ERROR","time":"2023-12-15 14:38:41","caller":"service/personalInformationService.go:23","message":"The query data is empty","error":"record not found"}
{"level":"ERROR","time":"2023-12-15 14:48:30","caller":"service/personalInformationService.go:23","message":"The query data is empty","error":"record not found"}
{"level":"ERROR","time":"2023-12-15 14:56:05","caller":"service/personalInformationService.go:23","message":"The query data is empty","error":"context canceled"}
{"level":"ERROR","time":"2023-12-15 14:57:49","caller":"service/personalInformationService.go:23","message":"The query data is empty","error":"record not found"}
{"level":"ERROR","time":"2023-12-15 14:59:38","caller":"service/personalInformationService.go:23","message":"The query data is empty","error":"record not found"}
{"level":"ERROR","time":"2023-12-15 15:00:21","caller":"service/personalInformationService.go:23","message":"The query data is empty","error":"record not found"}
{"level":"ERROR","time":"2023-12-15 15:01:01","caller":"service/personalInformationService.go:23","message":"The query data is empty","error":"record not found"}
{"level":"ERROR","time":"2023-12-15 15:01:55","caller":"service/personalInformationService.go:23","message":"The query data is empty","error":"record not found"}
{"level":"ERROR","time":"2023-12-15 17:45:37","caller":"service/personalInformationService.go:23","message":"The query data is empty","error":"record not found"}
{"level":"ERROR","time":"2023-12-15 17:45:37","caller":"result/ginResult.go:26","message":"Database Select Failed","error":"The query data is empty: ErrCode:300001,ErrMsg:查询数据为空","errorVerbose":"ErrCode:300001,ErrMsg:查询数据为空\nThe query data is empty\nhy_heymate/business/service.GetPersonalInformation\n\tG:/project_golang/hy_heymate/business/service/personalInformationService.go:24\nhy_heymate/business/controller.GetPersonalInformation\n\tG:/project_golang/hy_heymate/business/controller/personalInformationController.go:30\ngithub.com/gin-gonic/gin.(*Context).Next\n\tG:/go/pkg/mod/github.com/gin-gonic/gin@v1.9.1/context.go:174\nhy_heymate/common/jwt.CheckToken\n\tG:/project_golang/hy_heymate/common/jwt/token.go:34\ngithub.com/gin-gonic/gin.(*Context).Next\n\tG:/go/pkg/mod/github.com/gin-gonic/gin@v1.9.1/context.go:174\ngithub.com/gin-gonic/gin.CustomRecoveryWithWriter.func1\n\tG:/go/pkg/mod/github.com/gin-gonic/gin@v1.9.1/recovery.go:102\ngithub.com/gin-gonic/gin.(*Context).Next\n\tG:/go/pkg/mod/github.com/gin-gonic/gin@v1.9.1/context.go:174\ngithub.com/gin-gonic/gin.LoggerWithConfig.func1\n\tG:/go/pkg/mod/github.com/gin-gonic/gin@v1.9.1/logger.go:240\ngithub.com/gin-gonic/gin.(*Context).Next\n\tG:/go/pkg/mod/github.com/gin-gonic/gin@v1.9.1/context.go:174\ngithub.com/gin-gonic/gin.(*Engine).handleHTTPRequest\n\tG:/go/pkg/mod/github.com/gin-gonic/gin@v1.9.1/gin.go:620\ngithub.com/gin-gonic/gin.(*Engine).ServeHTTP\n\tG:/go/pkg/mod/github.com/gin-gonic/gin@v1.9.1/gin.go:576\nnet/http.serverHandler.ServeHTTP\n\tF:/jdk/go/src/net/http/server.go:2938\nnet/http.(*conn).serve\n\tF:/jdk/go/src/net/http/server.go:2009\nruntime.goexit\n\tF:/jdk/go/src/runtime/asm_amd64.s:1650"}
{"level":"ERROR","time":"2023-12-15 17:45:44","caller":"service/personalInformationService.go:23","message":"The query data is empty","error":"record not found"}
{"level":"ERROR","time":"2023-12-15 17:45:44","caller":"result/ginResult.go:26","message":"Database Select Failed","error":"The query data is empty: ErrCode:300001,ErrMsg:查询数据为空","errorVerbose":"ErrCode:300001,ErrMsg:查询数据为空\nThe query data is empty\nhy_heymate/business/service.GetPersonalInformation\n\tG:/project_golang/hy_heymate/business/service/personalInformationService.go:24\nhy_heymate/business/controller.GetPersonalInformation\n\tG:/project_golang/hy_heymate/business/controller/personalInformationController.go:30\ngithub.com/gin-gonic/gin.(*Context).Next\n\tG:/go/pkg/mod/github.com/gin-gonic/gin@v1.9.1/context.go:174\nhy_heymate/common/jwt.CheckToken\n\tG:/project_golang/hy_heymate/common/jwt/token.go:34\ngithub.com/gin-gonic/gin.(*Context).Next\n\tG:/go/pkg/mod/github.com/gin-gonic/gin@v1.9.1/context.go:174\ngithub.com/gin-gonic/gin.CustomRecoveryWithWriter.func1\n\tG:/go/pkg/mod/github.com/gin-gonic/gin@v1.9.1/recovery.go:102\ngithub.com/gin-gonic/gin.(*Context).Next\n\tG:/go/pkg/mod/github.com/gin-gonic/gin@v1.9.1/context.go:174\ngithub.com/gin-gonic/gin.LoggerWithConfig.func1\n\tG:/go/pkg/mod/github.com/gin-gonic/gin@v1.9.1/logger.go:240\ngithub.com/gin-gonic/gin.(*Context).Next\n\tG:/go/pkg/mod/github.com/gin-gonic/gin@v1.9.1/context.go:174\ngithub.com/gin-gonic/gin.(*Engine).handleHTTPRequest\n\tG:/go/pkg/mod/github.com/gin-gonic/gin@v1.9.1/gin.go:620\ngithub.com/gin-gonic/gin.(*Engine).ServeHTTP\n\tG:/go/pkg/mod/github.com/gin-gonic/gin@v1.9.1/gin.go:576\nnet/http.serverHandler.ServeHTTP\n\tF:/jdk/go/src/net/http/server.go:2938\nnet/http.(*conn).serve\n\tF:/jdk/go/src/net/http/server.go:2009\nruntime.goexit\n\tF:/jdk/go/src/runtime/asm_amd64.s:1650"}
{"level":"ERROR","time":"2023-12-15 17:49:47","caller":"service/personalInformationService.go:23","message":"The query data is empty","error":"record not found"}
{"level":"ERROR","time":"2023-12-15 17:50:24","caller":"result/ginResult.go:26","message":"Database Select Failed","error":"The query data is empty: ErrCode:300001,ErrMsg:查询数据为空","errorVerbose":"ErrCode:300001,ErrMsg:查询数据为空\nThe query data is empty\nhy_heymate/business/service.GetPersonalInformation\n\tG:/project_golang/hy_heymate/business/service/personalInformationService.go:24\nhy_heymate/business/controller.GetPersonalInformation\n\tG:/project_golang/hy_heymate/business/controller/personalInformationController.go:32\ngithub.com/gin-gonic/gin.(*Context).Next\n\tG:/go/pkg/mod/github.com/gin-gonic/gin@v1.9.1/context.go:174\nhy_heymate/common/jwt.CheckToken\n\tG:/project_golang/hy_heymate/common/jwt/token.go:34\ngithub.com/gin-gonic/gin.(*Context).Next\n\tG:/go/pkg/mod/github.com/gin-gonic/gin@v1.9.1/context.go:174\ngithub.com/gin-gonic/gin.CustomRecoveryWithWriter.func1\n\tG:/go/pkg/mod/github.com/gin-gonic/gin@v1.9.1/recovery.go:102\ngithub.com/gin-gonic/gin.(*Context).Next\n\tG:/go/pkg/mod/github.com/gin-gonic/gin@v1.9.1/context.go:174\ngithub.com/gin-gonic/gin.LoggerWithConfig.func1\n\tG:/go/pkg/mod/github.com/gin-gonic/gin@v1.9.1/logger.go:240\ngithub.com/gin-gonic/gin.(*Context).Next\n\tG:/go/pkg/mod/github.com/gin-gonic/gin@v1.9.1/context.go:174\ngithub.com/gin-gonic/gin.(*Engine).handleHTTPRequest\n\tG:/go/pkg/mod/github.com/gin-gonic/gin@v1.9.1/gin.go:620\ngithub.com/gin-gonic/gin.(*Engine).ServeHTTP\n\tG:/go/pkg/mod/github.com/gin-gonic/gin@v1.9.1/gin.go:576\nnet/http.serverHandler.ServeHTTP\n\tF:/jdk/go/src/net/http/server.go:2938\nnet/http.(*conn).serve\n\tF:/jdk/go/src/net/http/server.go:2009\nruntime.goexit\n\tF:/jdk/go/src/runtime/asm_amd64.s:1650"}
{"level":"ERROR","time":"2023-12-18 11:14:03","caller":"result/ginResult.go:41","message":"http-error: Redis Select Failed,errormsg:redigo: nil returned: ErrCode:300014,ErrMsg:数据库查询数据失败"}
{"level":"ERROR","time":"2023-12-18 11:14:59","caller":"result/ginResult.go:41","message":"http-error: Redis Select Failed,errormsg:redigo: nil returned: ErrCode:300014,ErrMsg:数据库查询数据失败"}
{"level":"ERROR","time":"2023-12-18 11:20:35","caller":"result/ginResult.go:41","message":"http-error: The query data is empty,errormsg:record not found: ErrCode:300001,ErrMsg:查询数据为空"}
{"level":"ERROR","time":"2023-12-18 11:23:49","caller":"result/ginResult.go:41","message":"http-error: The query data is empty,errormsg:record not found: ErrCode:300001,ErrMsg:查询数据为空"}
{"level":"ERROR","time":"2023-12-18 13:35:57","caller":"result/ginResult.go:41","message":"http-error: Redis Delete Failed,errormsg:redigo: unexpected type for String, got type int64: ErrCode:300013,ErrMsg:数据库删除数据失败"}
{"level":"ERROR","time":"2023-12-18 13:36:43","caller":"result/ginResult.go:41","message":"http-error: Redis Delete Failed,errormsg:redigo: unexpected type for String, got type int64: ErrCode:300013,ErrMsg:数据库删除数据失败"}
{"level":"ERROR","time":"2023-12-18 13:37:22","caller":"result/ginResult.go:41","message":"http-error: Redis Delete Failed,errormsg:redigo: unexpected type for String, got type int64: ErrCode:300013,ErrMsg:数据库删除数据失败"}
{"level":"ERROR","time":"2023-12-18 13:44:56","caller":"result/ginResult.go:41","message":"http-error: Redis Delete Failed,errormsg:redigo: unexpected type for String, got type int64: ErrCode:300013,ErrMsg:Redis删除数据失败"}
{"level":"ERROR","time":"2023-12-18 13:45:01","caller":"result/ginResult.go:41","message":"http-error: Redis Delete Failed,errormsg:redigo: unexpected type for String, got type int64: ErrCode:300013,ErrMsg:Redis删除数据失败"}
{"level":"ERROR","time":"2023-12-18 13:45:11","caller":"result/ginResult.go:41","message":"http-error: Redis Delete Failed,errormsg:redigo: unexpected type for String, got type int64: ErrCode:300013,ErrMsg:Redis删除数据失败"}
{"level":"ERROR","time":"2023-12-18 13:45:18","caller":"result/ginResult.go:41","message":"http-error: Redis Delete Failed,errormsg:redigo: unexpected type for String, got type int64: ErrCode:300013,ErrMsg:Redis删除数据失败"}
{"level":"ERROR","time":"2023-12-18 13:45:56","caller":"result/ginResult.go:41","message":"http-error: Redis Delete Failed,errormsg:redigo: unexpected type for String, got type int64: ErrCode:300013,ErrMsg:Redis删除数据失败"}
{"level":"ERROR","time":"2023-12-18 13:46:24","caller":"result/ginResult.go:41","message":"http-error: Redis Delete Failed,errormsg:redigo: unexpected type for String, got type int64: ErrCode:300013,ErrMsg:Redis删除数据失败"}
{"level":"ERROR","time":"2023-12-18 13:46:58","caller":"result/ginResult.go:41","message":"http-error: Redis Delete Failed,errormsg:redigo: unexpected type for String, got type int64: ErrCode:300013,ErrMsg:Redis删除数据失败"}
{"level":"ERROR","time":"2023-12-18 15:53:57","caller":"result/ginResult.go:41","message":"http-error: Redis Select Failed,errormsg:redigo: nil returned: ErrCode:300014,ErrMsg:Redis查询数据失败"}
{"level":"ERROR","time":"2023-12-18 17:10:27","caller":"result/ginResult.go:41","message":"http-error: Redis Select Failed,errormsg:redigo: nil returned: ErrCode:300014,ErrMsg:Redis查询数据失败"}
{"level":"ERROR","time":"2023-12-18 17:14:46","caller":"result/ginResult.go:41","message":"http-error: Redis Select Failed,errormsg:redigo: nil returned: ErrCode:300014,ErrMsg:Redis查询数据失败"}
{"level":"ERROR","time":"2023-12-18 17:15:03","caller":"result/ginResult.go:41","message":"http-error: Token Expires,errormsg:<nil>: ErrCode:200001,ErrMsg:Token过期"}
